TagTool [1.5.9646.21538 (Built 5/30/2026 1:58:01 AM UTC)]

Please report any bugs and/or feature requests:
https://github.com/TheGuardians/TagTool/issues

Enter the path to a Halo cache file (.map/.dat):
> D:\eldewrito\eldewrito 0.7\ElDewrito\maps

Enter "help" to list available commands. Enter "quit" to quit.

tags> 

tags> ##Set Variables

tags> SetVariable WorkingDir "D:\eldewrito\Projects\Campaigns\H3 Campaign"
Variable "WorkingDir" set to "D:\eldewrito\Projects\Campaigns\H3 Campaign".

tags> SetVariable ShaderComp "E:\Halo Resources\Halo3"
Variable "ShaderComp" set to "E:\Halo Resources\Halo3".

tags> SetVariable 360CampaignMaps "E:\Halo Resources\Halo3"
Variable "360CampaignMaps" set to "E:\Halo Resources\Halo3".

tags> SetVariable MCCCampaignMaps "D:\Games\steamapps\common\Halo The Master Chief Collection\halo3\maps"
Variable "MCCCampaignMaps" set to "D:\Games\steamapps\common\Halo The Master Chief Collection\halo3\maps".

tags> 

tags> openmodpackage "D:\eldewrito\eldewrito 0.7\ElDewrito\mods\H3 Campaign v7_8.pak"
Initializing cache...
Done!

tags\Halo 3: Campaign.pak> extractfonts fonts
[ERROR]: System.UnauthorizedAccessException: Access to the path 'D:\eldewrito\Projects\Campaigns\H3 Campaign\Tagtool\fonts' is denied.
   at Microsoft.Win32.SafeHandles.SafeFileHandle.CreateFile(String fullPath, FileMode mode, FileAccess access, FileShare share, FileOptions options)
   at Microsoft.Win32.SafeHandles.SafeFileHandle.Open(String fullPath, FileMode mode, FileAccess access, FileShare share, FileOptions options, Int64 preallocationSize, Nullable`1 unixCreateMode)
   at System.IO.Strategies.OSFileStreamStrategy..ctor(String path, FileMode mode, FileAccess access, FileShare share, FileOptions options, Int64 preallocationSize, Nullable`1 unixCreateMode)
   at System.IO.Strategies.FileStreamHelpers.ChooseStrategyCore(String path, FileMode mode, FileAccess access, FileShare share, FileOptions options, Int64 preallocationSize, Nullable`1 unixCreateMode)
   at System.IO.FileInfo.Create()
   at TagTool.Commands.Modding.ExtractFontsCommand.Execute(List`1 args) in D:\REPOS\Epsilon\TagTool\TagTool\Commands\Modding\ExtractFontsCommand.cs:line 40
   at TagTool.Commands.Common.CommandRunner.ExecuteCommand(CommandContext context, List`1 commandAndArgs, Dictionary`2 argVariables) in D:\REPOS\Epsilon\TagTool\TagTool\Commands\Common\CommandRunner.cs:line 166
   at TagTool.Commands.Common.CommandRunner.RunCommand(String commandLine, Boolean printInput, Boolean printOutput) in D:\REPOS\Epsilon\TagTool\TagTool\Commands\Common\CommandRunner.cs:line 136
   at TagTool.Commands.Program.RunCommandLoop(CommandRunner commandRunner, CommandContextStack contextStack) in D:\REPOS\Epsilon\TagTool\TagTool\Program.cs:line 128
   at TagTool.Commands.Program.MainCore(String[] args) in D:\REPOS\Epsilon\TagTool\TagTool\Program.cs:line 112
   at TagTool.Commands.Program.Main(String[] args) in D:\REPOS\Epsilon\TagTool\TagTool\Program.cs:line 44
